0 info it worked if it ends with ok
1 verbose cli [ '/Users/huangziyi/.nvm/versions/node/v5.12.0/bin/node',
1 verbose cli   '/Users/huangziyi/.nvm/versions/node/v5.12.0/bin/npm',
1 verbose cli   'start' ]
2 info using npm@3.8.6
3 info using node@v5.12.0
4 verbose run-script [ 'prestart', 'start', 'poststart' ]
5 info lifecycle gaea-editor-new@1.0.0~prestart: gaea-editor-new@1.0.0
6 silly lifecycle gaea-editor-new@1.0.0~prestart: no script for prestart, continuing
7 info lifecycle gaea-editor-new@1.0.0~start: gaea-editor-new@1.0.0
8 verbose lifecycle gaea-editor-new@1.0.0~start: unsafe-perm in lifecycle true
9 verbose lifecycle gaea-editor-new@1.0.0~start: PATH: /Users/huangziyi/.nvm/versions/node/v5.12.0/lib/node_modules/npm/bin/node-gyp-bin:/Users/huangziyi/workspace/gaea-editor/node_modules/.bin:/Users/huangziyi/.nvm/versions/node/v5.12.0/bin:/Users/huangziyi/.nvm/versions/node/v5.12.0/bin:/usr/local/bin:/usr/bin:/bin:/usr/sbin:/sbin
10 verbose lifecycle gaea-editor-new@1.0.0~start: CWD: /Users/huangziyi/workspace/gaea-editor
11 silly lifecycle gaea-editor-new@1.0.0~start: Args: [ '-c', 'run-react -d' ]
12 silly lifecycle gaea-editor-new@1.0.0~start: Returned: code: 1  signal: null
13 info lifecycle gaea-editor-new@1.0.0~start: Failed to exec start script
14 verbose stack Error: gaea-editor-new@1.0.0 start: `run-react -d`
14 verbose stack Exit status 1
14 verbose stack     at EventEmitter.<anonymous> (/Users/huangziyi/.nvm/versions/node/v5.12.0/lib/node_modules/npm/lib/utils/lifecycle.js:239:16)
14 verbose stack     at emitTwo (events.js:100:13)
14 verbose stack     at EventEmitter.emit (events.js:185:7)
14 verbose stack     at ChildProcess.<anonymous> (/Users/huangziyi/.nvm/versions/node/v5.12.0/lib/node_modules/npm/lib/utils/spawn.js:24:14)
14 verbose stack     at emitTwo (events.js:100:13)
14 verbose stack     at ChildProcess.emit (events.js:185:7)
14 verbose stack     at maybeClose (internal/child_process.js:850:16)
14 verbose stack     at Process.ChildProcess._handle.onexit (internal/child_process.js:215:5)
15 verbose pkgid gaea-editor-new@1.0.0
16 verbose cwd /Users/huangziyi/workspace/gaea-editor
17 error Darwin 16.5.0
18 error argv "/Users/huangziyi/.nvm/versions/node/v5.12.0/bin/node" "/Users/huangziyi/.nvm/versions/node/v5.12.0/bin/npm" "start"
19 error node v5.12.0
20 error npm  v3.8.6
21 error code ELIFECYCLE
22 error gaea-editor-new@1.0.0 start: `run-react -d`
22 error Exit status 1
23 error Failed at the gaea-editor-new@1.0.0 start script 'run-react -d'.
23 error Make sure you have the latest version of node.js and npm installed.
23 error If you do, this is most likely a problem with the gaea-editor-new package,
23 error not with npm itself.
23 error Tell the author that this fails on your system:
23 error     run-react -d
23 error You can get information on how to open an issue for this project with:
23 error     npm bugs gaea-editor-new
23 error Or if that isn't available, you can get their info via:
23 error     npm owner ls gaea-editor-new
23 error There is likely additional logging output above.
24 verbose exit [ 1, true ]
